interactive player mode; name 'apple' 
B 
OK message received: OK B 
GRID message received: GRID 22 80 
window's size now fits. 
GDISPLAY: 
DISPLAY: 
DISPLAY: 
DISPLAY: 
DISPLAY: 
DISPLAY: 
DISPLAY: 
DISPLAY: 
DISPLAY: 
DISPLAY: 
DISPLAY: 
DISPLAY: 
DISPLAY: 
DISPLAY: 
DISPLAY: 
DISPLAY: 
DISPLAY: 
DISPLAY: 
DISPLAY: 
DISPLAY: 
DISPLAY: 
DISPLAY: 
DISPLAY: 
DISPLAY: 
DISPLAY: 
DISPLAY: 
DISPLAY: 
DISPLAY: 
DISPLAY: 
DISPLAY: 
DISPLAY: 
DISPLAY: 
DISPLAY: 
DISPLAY: 
DISPLAY: 
DISPLAY: 
DISPLAY: 
DISPLAY: 
DISPLAY: 
DISPLAY: 
DISPLAY: 
DISPLAY: 
DISPLAY: 
DISPLAY: 
DISPLAY: 
DISPLAY: 
DISPLAY: 
DISPLAY: 
DISPLAY: 
DISPLAY: 
DISPLAY: 
DISPLAY: 
DISPLAY: 
DISPLAY: 
DISPLAY: 
DISPLAY: 
DISPLAY: 
DISPLAY: 
DISPLAY: 
DISPLAY: 
DISPLAY: 
DISPLAY: 
DISPLAY: 
DISPLAY: 
DISPLAY: 
DISPLAY: 
DISPLAY: 
DISPLAY: 
DISPLAY: 
DISPLAY: 
DISPLAY: 
DISPLAY: 
DISPLAY: 
DISPLAY: 
DISPLAY: 
DISPLAY: 
DISPLAY: 
DISPLAY: 
DISPLAY: 
DISPLAY: 
DISPLAY: 
DISPLAY: 
DISPLAY: 
DISPLAY: 
DISPLAY: 
DISPLAY: 
DISPLAY: 
DISPLAY: 
DISPLAY: 
DISPLAY: 
DISPLAY: 
DISPLAY: 
DISPLAY: 
DISPLAY: 
DISPLAY: 
DISPLAY: 
DISPLAY: 
DISPLAY: 
DISPLAY: 
DISPLAY: 
DISPLAY: 
DISPLAY: 
DISPLAY: 
DISPLAY: 
DISPLAY: 
DISPLAY: 
DISPLAY: 
DISPLAY: 
DISPLAY: 
DISPLAY: 
DISPLAY: 
DISPLAY: 
DISPLAY: 
DISPLAY: 
DISPLAY: 
DISPLAY: 
DISPLAY: 
DISPLAY: 
DISPLAY: 
DISPLAY: 
DISPLAY: 
DISPLAY: 
DISPLAY: 
DISPLAY: 
DISPLAY: 
DISPLAY: 
DISPLAY: 
DISPLAY: 
DISPLAY: 
DISPLAY: 
DISPLAY: 
DISPLAY: 
DISPLAY: 
DISPLAY: 
DISPLAY: 
DISPLAY: 
DISPLAY: 
DISPLAY: 
DISPLAY: 
DISPLAY: 
DISPLAY: 
DISPLAY: 
DISPLAY: 
DISPLAY: 
DISPLAY: 
DISPLAY: 
DISPLAY: 
DISPLAY: 
DISPLAY: 
DISPLAY: 
DISPLAY: 
DISPLAY: 
DISPLAY: 
DISPLAY: 
DISPLAY: 
DISPLAY: 
DISPLAY: 
DISPLAY: 
DISPLAY: 
DISPLAY: 
DISPLAY: 
DISPLAY: 
DISPLAY: 
DISPLAY: 
DISPLAY: 
DISPLAY: 
DISPLAY: 
DISPLAY: 
DISPLAY: 
DISPLAY: 
DISPLAY: 
DISPLAY: 
DISPLAY: 
DISPLAY: 
DISPLAY: 
DISPLAY: 
DISPLAY: 
DISPLAY: 
DISPLAY: 
DISPLAY: 
DISPLAY: 
DISPLAY: 
DISPLAY: 
DISPLAY: 
DISPLAY: 
DISPLAY: 
DISPLAY: 
DISPLAY: 
DISPLAY: 
DISPLAY: 
DISPLAY: 
DISPLAY: 
DISPLAY: 
DISPLAY: 
DISPLAY: 
DISPLAY: 
DISPLAY: 
DISPLAY: 
DISPLAY: 
DISPLAY: 
DISPLAY: 
DISPLAY: 
DISPLAY: 
DISPLAY: 
DISPLAY: 
DISPLAY: 
DISPLAY: 
DISPLAY: 
DISPLAY: 
DISPLAY: 
DISPLAY: 
DISPLAY: 
DISPLAY: 
DISPLAY: 
DISPLAY: 
DISPLAY: 
DISPLAY: 
DISPLAY: 
DISPLAY: 
DISPLAY: 
DISPLAY: 
DISPLAY: 
DISPLAY: 
DISPLAY: 
DISPLAY: 
DISPLAY: 
DISPLAY: 
DISPLAY: 
DISPLAY: 
DISPLAY: 
DISPLAY: 
DISPLAY: 
DISPLAY: 
DISPLAY: 
DISPLAY: 
DISPLAY: 
DISPLAY: 
DISPLAY: 
DISPLAY: 
DISPLAY: 
DISPLAY: 
DISPLAY: 
DISPLAY: 
DISPLAY: 
DISPLAY: 
DISPLAY: 
DISPLAY: 
DISPLAY: 
DISPLAY: 
DISPLAY: 
DISPLAY: 
DISPLAY: 
DISPLAY: 
DISPLAY: 
DISPLAY: 
DISPLAY: 
DISPLAY: 
DISPLAY: 
DISPLAY: 
DISPLAY: 
DISPLAY: 
DISPLAY: 
DISPLAY: 
DISPLAY: 
DISPLAY: 
DISPLAY: 
DISPLAY: 
DISPLAY: 
DISPLAY: 
DISPLAY: 
DISPLAY: 
DISPLAY: 
DISPLAY: 
DISPLAY: 
DISPLAY: 
DISPLAY: 
DISPLAY: 
DISPLAY: 
DISPLAY: 
DISPLAY: 
DISPLAY: 
DISPLAY: 
DISPLAY: 
DISPLAY: 
DISPLAY: 
DISPLAY: 
DISPLAY: 
DISPLAY: 
DISPLAY: 
DISPLAY: 
DISPLAY: 
DISPLAY: 
DISPLAY: 
DISPLAY: 
DISPLAY: 
DISPLAY: 
DISPLAY: 
DISPLAY: 
DISPLAY: 
DISPLAY: 
DISPLAY: 
DISPLAY: 
DISPLAY: 
DISPLAY: 
DISPLAY: 
DISPLAY: 
DISPLAY: 
DISPLAY: 
DISPLAY: 
DISPLAY: 
DISPLAY: 
DISPLAY: 
DISPLAY: 
DISPLAY: 
DISPLAY: 
DISPLAY: 
DISPLAY: 
ved: GOLD 0 0 154 
DISPLAY: 
DISPLAY: 
DISPLAY: 
DISPLAY: 
DISPLAY: 
DISPLAY: 
DISPLAY: 
DISPLAY: 
DISPLAY: 
DISPLAY: 
DISPLAY: 
DISPLAY: 
DISPLAY: 
DISPLAY: 
DISPLAY: 
DISPLAY: 
DISPLAY: 
DISPLAY: 
DISPLAY: 
DISPLAY: 
DISPLAY: 
DISPLAY: 
DISPLAY: 
DISPLAY: 
DISPLAY: 
DISPLAY: 
DISPLAY: 
DISPLAY: 
DISPLAY: 
DISPLAY: 
DISPLAY: 
DISPLAY: 
DISPLAY: 
DISPLAY: 
DISPLAY: 
DISPLAY: 
DISPLAY: 
GOLD message received: GOLD 0 87 154 
GOLD message received: GOLD 9 96 154 
DISPLAY: 
DISPLAY: 
DISPLAY: 
DISPLAY: 
DISPLAY: 
DISPLAY: 
DISPLAY: 
DISPLAY: 
DISPLAY: 
DISPLAY: 
DISPLAY: 
DISPLAY: 
DISPLAY: 
DISPLAY: 
DISPLAY: 
DISPLAY: 
DISPLAY: 
DISPLAY: 
DISPLAY: 
DISPLAY: 
DISPLAY: 
DISPLAY: 
DISPLAY: 
DISPLAY: 
DISPLAY: 
DISPLAY: 
DISPLAY: 
